app/build/intermediates/manifest_merge_blame_file/debug/manifest-merger-blame-debug-report.txt
1<?xml version="1.0" encoding="utf-8"?>
2<manifest xmlns:android="http://schemas.android.com/apk/res/android"
3    package="com.cityfreqs.cfp_ultra"
4    android:versionCode="2"
5    android:versionName="1.1" >
6
7    <uses-sdk
8        android:minSdkVersion="18"
8-->src\main\AndroidManifest.xml
9        android:targetSdkVersion="29" />
9-->src\main\AndroidManifest.xml
10
11    <uses-permission android:name="android.permission.RECORD_AUDIO" />
11-->src\main\AndroidManifest.xml:5:5-71
11-->src\main\AndroidManifest.xml:5:22-68
12
13    <application
13-->src\main\AndroidManifest.xml:7:5-32:19
14        android:allowBackup="false"
14-->src\main\AndroidManifest.xml:8:9-36
15        android:appComponentFactory="androidx.core.app.CoreComponentFactory"
15-->[androidx.core:core:1.3.0] AndroidManifest.xml:24:18-86
16        android:debuggable="true"
17        android:icon="@drawable/ic_launcher"
17-->src\main\AndroidManifest.xml:9:9-45
18        android:label="@string/app_name"
18-->src\main\AndroidManifest.xml:10:9-41
19        android:testOnly="true"
20        android:theme="@style/AppTheme" >
20-->src\main\AndroidManifest.xml:11:9-40
21        <activity
21-->src\main\AndroidManifest.xml:13:9-22:20
22            android:name="com.cityfreqs.cfp_ultra.MainActivity"
22-->src\main\AndroidManifest.xml:14:13-41
23            android:label="@string/app_name"
23-->src\main\AndroidManifest.xml:15:13-45
24            android:launchMode="singleTask"
24-->src\main\AndroidManifest.xml:16:13-44
25            android:screenOrientation="sensorPortrait" >
25-->src\main\AndroidManifest.xml:17:13-55
26            <intent-filter>
26-->src\main\AndroidManifest.xml:18:13-21:29
27                <action android:name="android.intent.action.MAIN" />
27-->src\main\AndroidManifest.xml:19:17-69
27-->src\main\AndroidManifest.xml:19:25-66
28
29                <category android:name="android.intent.category.LAUNCHER" />
29-->src\main\AndroidManifest.xml:20:17-77
29-->src\main\AndroidManifest.xml:20:27-74
30            </intent-filter>
31        </activity>
32
33        <service
33-->src\main\AndroidManifest.xml:24:9-30:16
34            android:name="com.cityfreqs.cfp_ultra.UltraService"
34-->src\main\AndroidManifest.xml:25:13-64
35            android:enabled="true"
35-->src\main\AndroidManifest.xml:26:13-35
36            android:exported="false"
36-->src\main\AndroidManifest.xml:27:13-37
37            android:icon="@drawable/ic_launcher"
37-->src\main\AndroidManifest.xml:28:13-49
38            android:label="@string/service_name" >
38-->src\main\AndroidManifest.xml:29:10-46
39        </service>
40    </application>
41
42</manifest>